<?xml version="1.0" encoding="UTF-8"?>
<testsuite name="demo.base.BaseDemoTest" tests="3" skipped="0" failures="0" errors="0" timestamp="2022-06-23T15:22:02" hostname="LAPTOP-8I9K9NOC" time="0.008">
  <properties/>
  <testcase name="should_return_five()" classname="demo.base.BaseDemoTest" time="0.007"/>
  <testcase name="should_return_hello_world()" classname="demo.base.BaseDemoTest" time="0.001"/>
  <testcase name="should_return_twelve()" classname="demo.base.BaseDemoTest" time="0.0"/>
  <system-out><![CDATA[]]></system-out>
  <system-err><![CDATA[]]></system-err>
</testsuite>
